<?xml version="1.0" encoding="UTF-8"?>
<!-- Generated by org.testng.reporters.JUnitXMLReporter -->
<testsuite hostname="DESKTOP-O6DBGU6" ignored="0" name="Default test" tests="3" failures="0" timestamp="08 Dec 2016 18:11:50 GMT" time="0.049" errors="0">
  <testcase name="loginTest" time="0.013" classname="testng.AppTest"/>
  <testcase name="logoutTests" time="0.002" classname="testng.AppTest"/>
  <testcase name="registrationTest" time="0.003" classname="testng.AppTest"/>
</testsuite> <!-- Default test -->
