<?xml version="1.0" encoding="UTF-8"?>
<testng-results skipped="0" failed="0" total="3" passed="3">
  <reporter-output>
  </reporter-output>
  <suite name="My Sample Suite" duration-ms="18" started-at="2016-12-08T19:18:22Z" finished-at="2016-12-08T19:18:22Z">
    <groups>
    </groups>
    <test name="Login" duration-ms="18" started-at="2016-12-08T19:18:22Z" finished-at="2016-12-08T19:18:22Z">
      <class name="testng.AppTest">
        <test-method status="PASS" signature="loginTest()[pri:0, instance:testng.AppTest@2280cdac]" name="loginTest" duration-ms="5" started-at="2016-12-09T00:48:22Z" finished-at="2016-12-09T00:48:22Z">
          <reporter-output>
          </reporter-output>
        </test-method> <!-- loginTest -->
        <test-method status="PASS" signature="logoutTests()[pri:0, instance:testng.AppTest@2280cdac]" name="logoutTests" duration-ms="1" started-at="2016-12-09T00:48:22Z" finished-at="2016-12-09T00:48:22Z">
          <reporter-output>
          </reporter-output>
        </test-method> <!-- logoutTests -->
        <test-method status="PASS" signature="registrationTest()[pri:0, instance:testng.AppTest@2280cdac]" name="registrationTest" duration-ms="0" started-at="2016-12-09T00:48:22Z" finished-at="2016-12-09T00:48:22Z">
          <reporter-output>
          </reporter-output>
        </test-method> <!-- registrationTest -->
      </class> <!-- testng.AppTest -->
    </test> <!-- Login -->
  </suite> <!-- My Sample Suite -->
</testng-results>
